<?xml version="1.0" encoding="UTF-8"?>
<testng-results skipped="8" failed="0" ignored="0" total="8" passed="0">
  <reporter-output>
  </reporter-output>
  <suite name="Stock Suite" duration-ms="11599" started-at="2021-03-04T18:15:45Z" finished-at="2021-03-04T18:15:57Z">
    <groups>
    </groups>
    <test name="Add Delete Stock Test" duration-ms="10997" started-at="2021-03-04T18:15:45Z" finished-at="2021-03-04T18:15:56Z">
      <class name="com.qtpselenium.rediff.hybrid.testcases.stocksuite.AddDelStockTest">
        <test-method status="PASS" signature="init()[pri:0, instance:com.qtpselenium.rediff.hybrid.testcases.stocksuite.AddDelStockTest@735b478]" name="init" is-config="true" duration-ms="5368" started-at="2021-03-04T23:45:45Z" finished-at="2021-03-04T23:45:51Z">
          <reporter-output>
          </reporter-output>
        </test-method> <!-- init -->
        <test-method status="PASS" signature="initTest()[pri:0, instance:com.qtpselenium.rediff.hybrid.testcases.stocksuite.AddDelStockTest@735b478]" name="initTest" is-config="true" duration-ms="2098" started-at="2021-03-04T23:45:51Z" finished-at="2021-03-04T23:45:53Z">
          <reporter-output>
          </reporter-output>
        </test-method> <!-- initTest -->
        <test-method status="SKIP" signature="addStockTest(java.util.Hashtable)[pri:1, instance:com.qtpselenium.rediff.hybrid.testcases.stocksuite.AddDelStockTest@735b478]" name="addStockTest" duration-ms="34" started-at="2021-03-04T23:45:53Z" data-provider="getData" finished-at="2021-03-04T23:45:53Z">
          <params>
            <param index="0">
              <value>
                <![CDATA[{Date=5/03/2018, PurchasePrice=200, PortfolioName=ashish, Runmode=Y, Stock Name=Tata Steel Ltd, Quantity=100, Browser=Chrome}]]>
              </value>
            </param>
          </params>
          <exception class="org.testng.SkipException">
            <message>
              <![CDATA[Runmode is set to NO]]>
            </message>
            <full-stacktrace>
              <![CDATA[org.testng.SkipException: Runmode is set to NO
	at com.qtpselenium.rediff.hybrid.testcases.stocksuite.AddDelStockTest.addStockTest(AddDelStockTest.java:22)
	at sun.reflect.NativeMethodAccessorImpl.invoke0(Native Method)
	at sun.reflect.NativeMethodAccessorImpl.invoke(NativeMethodAccessorImpl.java:62)
	at sun.reflect.DelegatingMethodAccessorImpl.invoke(DelegatingMethodAccessorImpl.java:43)
	at java.lang.reflect.Method.invoke(Method.java:498)
	at org.testng.internal.MethodInvocationHelper.invokeMethod(MethodInvocationHelper.java:104)
	at org.testng.internal.Invoker.invokeMethod(Invoker.java:645)
	at org.testng.internal.Invoker.invokeTestMethod(Invoker.java:851)
	at org.testng.internal.Invoker.invokeTestMethods(Invoker.java:1177)
	at org.testng.internal.TestMethodWorker.invokeTestMethods(TestMethodWorker.java:129)
	at org.testng.internal.TestMethodWorker.run(TestMethodWorker.java:112)
	at org.testng.TestRunner.privateRun(TestRunner.java:756)
	at org.testng.TestRunner.run(TestRunner.java:610)
	at org.testng.SuiteRunner.runTest(SuiteRunner.java:387)
	at org.testng.SuiteRunner.access$000(SuiteRunner.java:39)
	at org.testng.SuiteRunner$SuiteWorker.run(SuiteRunner.java:421)
	at org.testng.internal.thread.ThreadUtil$2.call(ThreadUtil.java:64)
	at java.util.concurrent.FutureTask.run(FutureTask.java:266)
	at java.util.concurrent.ThreadPoolExecutor.runWorker(ThreadPoolExecutor.java:1149)
	at java.util.concurrent.ThreadPoolExecutor$Worker.run(ThreadPoolExecutor.java:624)
	at java.lang.Thread.run(Thread.java:748)
]]>
            </full-stacktrace>
          </exception> <!-- org.testng.SkipException -->
          <reporter-output>
          </reporter-output>
        </test-method> <!-- addStockTest -->
        <test-method status="PASS" signature="quit()[pri:0, instance:com.qtpselenium.rediff.hybrid.testcases.stocksuite.AddDelStockTest@735b478]" name="quit" is-config="true" duration-ms="2920" started-at="2021-03-04T23:45:53Z" finished-at="2021-03-04T23:45:56Z">
          <reporter-output>
          </reporter-output>
        </test-method> <!-- quit -->
        <test-method status="PASS" signature="initTest()[pri:0, instance:com.qtpselenium.rediff.hybrid.testcases.stocksuite.AddDelStockTest@735b478]" name="initTest" is-config="true" duration-ms="0" started-at="2021-03-04T23:45:56Z" finished-at="2021-03-04T23:45:56Z">
          <reporter-output>
          </reporter-output>
        </test-method> <!-- initTest -->
        <test-method status="SKIP" signature="deleteStockTest(java.util.Hashtable)[pri:2, instance:com.qtpselenium.rediff.hybrid.testcases.stocksuite.AddDelStockTest@735b478]" name="deleteStockTest" duration-ms="3" started-at="2021-03-04T23:45:56Z" data-provider="getData" finished-at="2021-03-04T23:45:56Z">
          <params>
            <param index="0">
              <value>
                <![CDATA[{PortfolioName=ashish, Runmode=Y, Stock Name=Tata Steel Ltd., Browser=Chrome}]]>
              </value>
            </param>
          </params>
          <exception class="org.testng.SkipException">
            <message>
              <![CDATA[Runmode is set to NO]]>
            </message>
            <full-stacktrace>
              <![CDATA[org.testng.SkipException: Runmode is set to NO
	at com.qtpselenium.rediff.hybrid.testcases.stocksuite.AddDelStockTest.deleteStockTest(AddDelStockTest.java:35)
	at sun.reflect.NativeMethodAccessorImpl.invoke0(Native Method)
	at sun.reflect.NativeMethodAccessorImpl.invoke(NativeMethodAccessorImpl.java:62)
	at sun.reflect.DelegatingMethodAccessorImpl.invoke(DelegatingMethodAccessorImpl.java:43)
	at java.lang.reflect.Method.invoke(Method.java:498)
	at org.testng.internal.MethodInvocationHelper.invokeMethod(MethodInvocationHelper.java:104)
	at org.testng.internal.Invoker.invokeMethod(Invoker.java:645)
	at org.testng.internal.Invoker.invokeTestMethod(Invoker.java:851)
	at org.testng.internal.Invoker.invokeTestMethods(Invoker.java:1177)
	at org.testng.internal.TestMethodWorker.invokeTestMethods(TestMethodWorker.java:129)
	at org.testng.internal.TestMethodWorker.run(TestMethodWorker.java:112)
	at org.testng.TestRunner.privateRun(TestRunner.java:756)
	at org.testng.TestRunner.run(TestRunner.java:610)
	at org.testng.SuiteRunner.runTest(SuiteRunner.java:387)
	at org.testng.SuiteRunner.access$000(SuiteRunner.java:39)
	at org.testng.SuiteRunner$SuiteWorker.run(SuiteRunner.java:421)
	at org.testng.internal.thread.ThreadUtil$2.call(ThreadUtil.java:64)
	at java.util.concurrent.FutureTask.run(FutureTask.java:266)
	at java.util.concurrent.ThreadPoolExecutor.runWorker(ThreadPoolExecutor.java:1149)
	at java.util.concurrent.ThreadPoolExecutor$Worker.run(ThreadPoolExecutor.java:624)
	at java.lang.Thread.run(Thread.java:748)
]]>
            </full-stacktrace>
          </exception> <!-- org.testng.SkipException -->
          <reporter-output>
          </reporter-output>
        </test-method> <!-- deleteStockTest -->
        <test-method status="PASS" signature="quit()[pri:0, instance:com.qtpselenium.rediff.hybrid.testcases.stocksuite.AddDelStockTest@735b478]" name="quit" is-config="true" duration-ms="380" started-at="2021-03-04T23:45:56Z" finished-at="2021-03-04T23:45:56Z">
          <reporter-output>
          </reporter-output>
        </test-method> <!-- quit -->
      </class> <!-- com.qtpselenium.rediff.hybrid.testcases.stocksuite.AddDelStockTest -->
    </test> <!-- Add Delete Stock Test -->
    <test name="Portfolio Test" duration-ms="11599" started-at="2021-03-04T18:15:45Z" finished-at="2021-03-04T18:15:57Z">
      <class name="com.qtpselenium.rediff.hybrid.testcases.stocksuite.BuySellStockTest">
        <test-method status="PASS" signature="init()[pri:0, instance:com.qtpselenium.rediff.hybrid.testcases.stocksuite.BuySellStockTest@2cb4c3ab]" name="init" is-config="true" duration-ms="5369" started-at="2021-03-04T23:45:45Z" finished-at="2021-03-04T23:45:51Z">
          <reporter-output>
          </reporter-output>
        </test-method> <!-- init -->
        <test-method status="PASS" signature="initTest()[pri:0, instance:com.qtpselenium.rediff.hybrid.testcases.stocksuite.BuySellStockTest@2cb4c3ab]" name="initTest" is-config="true" duration-ms="2097" started-at="2021-03-04T23:45:51Z" finished-at="2021-03-04T23:45:53Z">
          <reporter-output>
          </reporter-output>
        </test-method> <!-- initTest -->
        <test-method status="SKIP" signature="buyOrSellStockTest(java.util.Hashtable)[pri:1, instance:com.qtpselenium.rediff.hybrid.testcases.stocksuite.BuySellStockTest@2cb4c3ab]" name="buyOrSellStockTest" duration-ms="3321" started-at="2021-03-04T23:45:53Z" data-provider="getData" finished-at="2021-03-04T23:45:56Z">
          <params>
            <param index="0">
              <value>
                <![CDATA[{Date=5/03/2018, Action=Sell, PurchasePrice=200, PortfolioName=ashish, Runmode=Y, Stock Name=Reliance Inds., Quantity=100, Browser=Chrome}]]>
              </value>
            </param>
          </params>
          <exception class="org.testng.SkipException">
            <message>
              <![CDATA[Runmode is set to NO]]>
            </message>
            <full-stacktrace>
              <![CDATA[org.testng.SkipException: Runmode is set to NO
	at com.qtpselenium.rediff.hybrid.testcases.stocksuite.BuySellStockTest.buyOrSellStockTest(BuySellStockTest.java:21)
	at sun.reflect.NativeMethodAccessorImpl.invoke0(Native Method)
	at sun.reflect.NativeMethodAccessorImpl.invoke(NativeMethodAccessorImpl.java:62)
	at sun.reflect.DelegatingMethodAccessorImpl.invoke(DelegatingMethodAccessorImpl.java:43)
	at java.lang.reflect.Method.invoke(Method.java:498)
	at org.testng.internal.MethodInvocationHelper.invokeMethod(MethodInvocationHelper.java:104)
	at org.testng.internal.Invoker.invokeMethod(Invoker.java:645)
	at org.testng.internal.Invoker.invokeTestMethod(Invoker.java:851)
	at org.testng.internal.Invoker.invokeTestMethods(Invoker.java:1177)
	at org.testng.internal.TestMethodWorker.invokeTestMethods(TestMethodWorker.java:129)
	at org.testng.internal.TestMethodWorker.run(TestMethodWorker.java:112)
	at org.testng.TestRunner.privateRun(TestRunner.java:756)
	at org.testng.TestRunner.run(TestRunner.java:610)
	at org.testng.SuiteRunner.runTest(SuiteRunner.java:387)
	at org.testng.SuiteRunner.access$000(SuiteRunner.java:39)
	at org.testng.SuiteRunner$SuiteWorker.run(SuiteRunner.java:421)
	at org.testng.internal.thread.ThreadUtil$2.call(ThreadUtil.java:64)
	at java.util.concurrent.FutureTask.run(FutureTask.java:266)
	at java.util.concurrent.ThreadPoolExecutor.runWorker(ThreadPoolExecutor.java:1149)
	at java.util.concurrent.ThreadPoolExecutor$Worker.run(ThreadPoolExecutor.java:624)
	at java.lang.Thread.run(Thread.java:748)
]]>
            </full-stacktrace>
          </exception> <!-- org.testng.SkipException -->
          <reporter-output>
          </reporter-output>
        </test-method> <!-- buyOrSellStockTest -->
        <test-method status="PASS" signature="quit()[pri:0, instance:com.qtpselenium.rediff.hybrid.testcases.stocksuite.BuySellStockTest@2cb4c3ab]" name="quit" is-config="true" duration-ms="623" started-at="2021-03-04T23:45:56Z" finished-at="2021-03-04T23:45:57Z">
          <reporter-output>
          </reporter-output>
        </test-method> <!-- quit -->
        <test-method status="SKIP" signature="checkTransactionHistoryTest(java.util.Hashtable)[pri:2, instance:com.qtpselenium.rediff.hybrid.testcases.stocksuite.BuySellStockTest@2cb4c3ab]" name="checkTransactionHistoryTest" duration-ms="0" started-at="2021-03-04T23:45:57Z" data-provider="getData" depends-on-methods="com.qtpselenium.rediff.hybrid.testcases.stocksuite.BuySellStockTest.buyOrSellStockTest" finished-at="2021-03-04T23:45:57Z">
          <exception class="java.lang.Throwable">
            <message>
              <![CDATA[Method BuySellStockTest.checkTransactionHistoryTest(java.util.Hashtable)[pri:2, instance:com.qtpselenium.rediff.hybrid.testcases.stocksuite.BuySellStockTest@2cb4c3ab] depends on not successfully finished methods]]>
            </message>
            <full-stacktrace>
              <![CDATA[java.lang.Throwable: Method BuySellStockTest.checkTransactionHistoryTest(java.util.Hashtable)[pri:2, instance:com.qtpselenium.rediff.hybrid.testcases.stocksuite.BuySellStockTest@2cb4c3ab] depends on not successfully finished methods
	at org.testng.internal.Invoker.invokeTestMethods(Invoker.java:1068)
	at org.testng.internal.TestMethodWorker.invokeTestMethods(TestMethodWorker.java:129)
	at org.testng.internal.TestMethodWorker.run(TestMethodWorker.java:112)
	at org.testng.TestRunner.privateRun(TestRunner.java:756)
	at org.testng.TestRunner.run(TestRunner.java:610)
	at org.testng.SuiteRunner.runTest(SuiteRunner.java:387)
	at org.testng.SuiteRunner.access$000(SuiteRunner.java:39)
	at org.testng.SuiteRunner$SuiteWorker.run(SuiteRunner.java:421)
	at org.testng.internal.thread.ThreadUtil$2.call(ThreadUtil.java:64)
	at java.util.concurrent.FutureTask.run(FutureTask.java:266)
	at java.util.concurrent.ThreadPoolExecutor.runWorker(ThreadPoolExecutor.java:1149)
	at java.util.concurrent.ThreadPoolExecutor$Worker.run(ThreadPoolExecutor.java:624)
	at java.lang.Thread.run(Thread.java:748)
]]>
            </full-stacktrace>
          </exception> <!-- java.lang.Throwable -->
          <reporter-output>
          </reporter-output>
        </test-method> <!-- checkTransactionHistoryTest -->
      </class> <!-- com.qtpselenium.rediff.hybrid.testcases.stocksuite.BuySellStockTest -->
    </test> <!-- Portfolio Test -->
  </suite> <!-- Stock Suite -->
  <suite name="My suite" duration-ms="0" started-at="2021-03-04T18:15:57Z" finished-at="2021-03-04T18:15:57Z">
    <groups>
    </groups>
  </suite> <!-- My suite -->
  <suite name="Portfolio Suite" duration-ms="12069" started-at="2021-03-04T18:15:45Z" finished-at="2021-03-04T18:15:57Z">
    <groups>
    </groups>
    <test name="Login Test" duration-ms="11814" started-at="2021-03-04T18:15:45Z" finished-at="2021-03-04T18:15:57Z">
      <class name="com.qtpselenium.rediff.hybrid.testcases.portfoliosuite.LoginTest">
        <test-method status="PASS" signature="init()[pri:0, instance:com.qtpselenium.rediff.hybrid.testcases.portfoliosuite.LoginTest@6fb554cc]" name="init" is-config="true" duration-ms="5476" started-at="2021-03-04T23:45:45Z" finished-at="2021-03-04T23:45:51Z">
          <reporter-output>
          </reporter-output>
        </test-method> <!-- init -->
        <test-method status="PASS" signature="initTest()[pri:0, instance:com.qtpselenium.rediff.hybrid.testcases.portfoliosuite.LoginTest@6fb554cc]" name="initTest" is-config="true" duration-ms="2101" started-at="2021-03-04T23:45:51Z" finished-at="2021-03-04T23:45:53Z">
          <reporter-output>
          </reporter-output>
        </test-method> <!-- initTest -->
        <test-method status="SKIP" signature="loginTest(java.util.Hashtable)[pri:0, instance:com.qtpselenium.rediff.hybrid.testcases.portfoliosuite.LoginTest@6fb554cc]" name="loginTest" duration-ms="3642" started-at="2021-03-04T23:45:53Z" data-provider="getData" finished-at="2021-03-04T23:45:57Z">
          <params>
            <param index="0">
              <value>
                <![CDATA[{Username=ashishthakur1983, ExpectedResult=Loginsuccess, Password=pass@1234, Runmode=Y, Browser=Chrome}]]>
              </value>
            </param>
          </params>
          <exception class="org.testng.SkipException">
            <message>
              <![CDATA[Runmode is set to NO]]>
            </message>
            <full-stacktrace>
              <![CDATA[org.testng.SkipException: Runmode is set to NO
	at com.qtpselenium.rediff.hybrid.testcases.portfoliosuite.LoginTest.loginTest(LoginTest.java:23)
	at sun.reflect.NativeMethodAccessorImpl.invoke0(Native Method)
	at sun.reflect.NativeMethodAccessorImpl.invoke(NativeMethodAccessorImpl.java:62)
	at sun.reflect.DelegatingMethodAccessorImpl.invoke(DelegatingMethodAccessorImpl.java:43)
	at java.lang.reflect.Method.invoke(Method.java:498)
	at org.testng.internal.MethodInvocationHelper.invokeMethod(MethodInvocationHelper.java:104)
	at org.testng.internal.Invoker.invokeMethod(Invoker.java:645)
	at org.testng.internal.Invoker.invokeTestMethod(Invoker.java:851)
	at org.testng.internal.Invoker.invokeTestMethods(Invoker.java:1177)
	at org.testng.internal.TestMethodWorker.invokeTestMethods(TestMethodWorker.java:129)
	at org.testng.internal.TestMethodWorker.run(TestMethodWorker.java:112)
	at org.testng.TestRunner.privateRun(TestRunner.java:756)
	at org.testng.TestRunner.run(TestRunner.java:610)
	at org.testng.SuiteRunner.runTest(SuiteRunner.java:387)
	at org.testng.SuiteRunner.access$000(SuiteRunner.java:39)
	at org.testng.SuiteRunner$SuiteWorker.run(SuiteRunner.java:421)
	at org.testng.internal.thread.ThreadUtil$2.call(ThreadUtil.java:64)
	at java.util.concurrent.FutureTask.run(FutureTask.java:266)
	at java.util.concurrent.ThreadPoolExecutor.runWorker(ThreadPoolExecutor.java:1149)
	at java.util.concurrent.ThreadPoolExecutor$Worker.run(ThreadPoolExecutor.java:624)
	at java.lang.Thread.run(Thread.java:748)
]]>
            </full-stacktrace>
          </exception> <!-- org.testng.SkipException -->
          <reporter-output>
          </reporter-output>
        </test-method> <!-- loginTest -->
        <test-method status="PASS" signature="quit()[pri:0, instance:com.qtpselenium.rediff.hybrid.testcases.portfoliosuite.LoginTest@6fb554cc]" name="quit" is-config="true" duration-ms="521" started-at="2021-03-04T23:45:57Z" finished-at="2021-03-04T23:45:57Z">
          <reporter-output>
          </reporter-output>
        </test-method> <!-- quit -->
      </class> <!-- com.qtpselenium.rediff.hybrid.testcases.portfoliosuite.LoginTest -->
    </test> <!-- Login Test -->
    <test name="Portfolio Test" duration-ms="12069" started-at="2021-03-04T18:15:45Z" finished-at="2021-03-04T18:15:57Z">
      <class name="com.qtpselenium.rediff.hybrid.testcases.portfoliosuite.PortFolioTest">
        <test-method status="PASS" signature="init()[pri:0, instance:com.qtpselenium.rediff.hybrid.testcases.portfoliosuite.PortFolioTest@35fb3008]" name="init" is-config="true" duration-ms="5470" started-at="2021-03-04T23:45:45Z" finished-at="2021-03-04T23:45:51Z">
          <reporter-output>
          </reporter-output>
        </test-method> <!-- init -->
        <test-method status="PASS" signature="initTest()[pri:0, instance:com.qtpselenium.rediff.hybrid.testcases.portfoliosuite.PortFolioTest@35fb3008]" name="initTest" is-config="true" duration-ms="2098" started-at="2021-03-04T23:45:51Z" finished-at="2021-03-04T23:45:53Z">
          <reporter-output>
          </reporter-output>
        </test-method> <!-- initTest -->
        <test-method status="SKIP" signature="createPortFolioTest(java.util.Hashtable)[pri:1, instance:com.qtpselenium.rediff.hybrid.testcases.portfoliosuite.PortFolioTest@35fb3008]" name="createPortFolioTest" duration-ms="34" started-at="2021-03-04T23:45:53Z" data-provider="getData" finished-at="2021-03-04T23:45:53Z">
          <params>
            <param index="0">
              <value>
                <![CDATA[{PortfolioName=SamplePort1311, Runmode=Y, Browser=Chrome}]]>
              </value>
            </param>
          </params>
          <exception class="org.testng.SkipException">
            <message>
              <![CDATA[Runmode is set to NO]]>
            </message>
            <full-stacktrace>
              <![CDATA[org.testng.SkipException: Runmode is set to NO
	at com.qtpselenium.rediff.hybrid.testcases.portfoliosuite.PortFolioTest.createPortFolioTest(PortFolioTest.java:23)
	at sun.reflect.NativeMethodAccessorImpl.invoke0(Native Method)
	at sun.reflect.NativeMethodAccessorImpl.invoke(NativeMethodAccessorImpl.java:62)
	at sun.reflect.DelegatingMethodAccessorImpl.invoke(DelegatingMethodAccessorImpl.java:43)
	at java.lang.reflect.Method.invoke(Method.java:498)
	at org.testng.internal.MethodInvocationHelper.invokeMethod(MethodInvocationHelper.java:104)
	at org.testng.internal.Invoker.invokeMethod(Invoker.java:645)
	at org.testng.internal.Invoker.invokeTestMethod(Invoker.java:851)
	at org.testng.internal.Invoker.invokeTestMethods(Invoker.java:1177)
	at org.testng.internal.TestMethodWorker.invokeTestMethods(TestMethodWorker.java:129)
	at org.testng.internal.TestMethodWorker.run(TestMethodWorker.java:112)
	at org.testng.TestRunner.privateRun(TestRunner.java:756)
	at org.testng.TestRunner.run(TestRunner.java:610)
	at org.testng.SuiteRunner.runTest(SuiteRunner.java:387)
	at org.testng.SuiteRunner.access$000(SuiteRunner.java:39)
	at org.testng.SuiteRunner$SuiteWorker.run(SuiteRunner.java:421)
	at org.testng.internal.thread.ThreadUtil$2.call(ThreadUtil.java:64)
	at java.util.concurrent.FutureTask.run(FutureTask.java:266)
	at java.util.concurrent.ThreadPoolExecutor.runWorker(ThreadPoolExecutor.java:1149)
	at java.util.concurrent.ThreadPoolExecutor$Worker.run(ThreadPoolExecutor.java:624)
	at java.lang.Thread.run(Thread.java:748)
]]>
            </full-stacktrace>
          </exception> <!-- org.testng.SkipException -->
          <reporter-output>
          </reporter-output>
        </test-method> <!-- createPortFolioTest -->
        <test-method status="PASS" signature="quit()[pri:0, instance:com.qtpselenium.rediff.hybrid.testcases.portfoliosuite.PortFolioTest@35fb3008]" name="quit" is-config="true" duration-ms="3601" started-at="2021-03-04T23:45:53Z" finished-at="2021-03-04T23:45:56Z">
          <reporter-output>
          </reporter-output>
        </test-method> <!-- quit -->
        <test-method status="PASS" signature="initTest()[pri:0, instance:com.qtpselenium.rediff.hybrid.testcases.portfoliosuite.PortFolioTest@35fb3008]" name="initTest" is-config="true" duration-ms="1" started-at="2021-03-04T23:45:56Z" finished-at="2021-03-04T23:45:56Z">
          <reporter-output>
          </reporter-output>
        </test-method> <!-- initTest -->
        <test-method status="SKIP" signature="createPortFolioTest(java.util.Hashtable)[pri:1, instance:com.qtpselenium.rediff.hybrid.testcases.portfoliosuite.PortFolioTest@35fb3008]" name="createPortFolioTest" duration-ms="532" started-at="2021-03-04T23:45:56Z" data-provider="getData" finished-at="2021-03-04T23:45:57Z">
          <params>
            <param index="0">
              <value>
                <![CDATA[{PortfolioName=SamplePort1411, Runmode=Y, Browser=Mozilla}]]>
              </value>
            </param>
          </params>
          <exception class="org.testng.SkipException">
            <message>
              <![CDATA[Runmode is set to NO]]>
            </message>
            <full-stacktrace>
              <![CDATA[org.testng.SkipException: Runmode is set to NO
	at com.qtpselenium.rediff.hybrid.testcases.portfoliosuite.PortFolioTest.createPortFolioTest(PortFolioTest.java:23)
	at sun.reflect.NativeMethodAccessorImpl.invoke0(Native Method)
	at sun.reflect.NativeMethodAccessorImpl.invoke(NativeMethodAccessorImpl.java:62)
	at sun.reflect.DelegatingMethodAccessorImpl.invoke(DelegatingMethodAccessorImpl.java:43)
	at java.lang.reflect.Method.invoke(Method.java:498)
	at org.testng.internal.MethodInvocationHelper.invokeMethod(MethodInvocationHelper.java:104)
	at org.testng.internal.Invoker.invokeMethod(Invoker.java:645)
	at org.testng.internal.Invoker.invokeTestMethod(Invoker.java:851)
	at org.testng.internal.Invoker.invokeTestMethods(Invoker.java:1177)
	at org.testng.internal.TestMethodWorker.invokeTestMethods(TestMethodWorker.java:129)
	at org.testng.internal.TestMethodWorker.run(TestMethodWorker.java:112)
	at org.testng.TestRunner.privateRun(TestRunner.java:756)
	at org.testng.TestRunner.run(TestRunner.java:610)
	at org.testng.SuiteRunner.runTest(SuiteRunner.java:387)
	at org.testng.SuiteRunner.access$000(SuiteRunner.java:39)
	at org.testng.SuiteRunner$SuiteWorker.run(SuiteRunner.java:421)
	at org.testng.internal.thread.ThreadUtil$2.call(ThreadUtil.java:64)
	at java.util.concurrent.FutureTask.run(FutureTask.java:266)
	at java.util.concurrent.ThreadPoolExecutor.runWorker(ThreadPoolExecutor.java:1149)
	at java.util.concurrent.ThreadPoolExecutor$Worker.run(ThreadPoolExecutor.java:624)
	at java.lang.Thread.run(Thread.java:748)
]]>
            </full-stacktrace>
          </exception> <!-- org.testng.SkipException -->
          <reporter-output>
          </reporter-output>
        </test-method> <!-- createPortFolioTest -->
        <test-method status="PASS" signature="quit()[pri:0, instance:com.qtpselenium.rediff.hybrid.testcases.portfoliosuite.PortFolioTest@35fb3008]" name="quit" is-config="true" duration-ms="251" started-at="2021-03-04T23:45:57Z" finished-at="2021-03-04T23:45:57Z">
          <reporter-output>
          </reporter-output>
        </test-method> <!-- quit -->
        <test-method status="SKIP" signature="deletePortFolioTest(java.util.Hashtable)[pri:2, instance:com.qtpselenium.rediff.hybrid.testcases.portfoliosuite.PortFolioTest@35fb3008]" name="deletePortFolioTest" duration-ms="0" started-at="2021-03-04T23:45:57Z" data-provider="getData" depends-on-methods="com.qtpselenium.rediff.hybrid.testcases.portfoliosuite.PortFolioTest.createPortFolioTest" finished-at="2021-03-04T23:45:57Z">
          <exception class="java.lang.Throwable">
            <message>
              <![CDATA[Method PortFolioTest.deletePortFolioTest(java.util.Hashtable)[pri:2, instance:com.qtpselenium.rediff.hybrid.testcases.portfoliosuite.PortFolioTest@35fb3008] depends on not successfully finished methods]]>
            </message>
            <full-stacktrace>
              <![CDATA[java.lang.Throwable: Method PortFolioTest.deletePortFolioTest(java.util.Hashtable)[pri:2, instance:com.qtpselenium.rediff.hybrid.testcases.portfoliosuite.PortFolioTest@35fb3008] depends on not successfully finished methods
	at org.testng.internal.Invoker.invokeTestMethods(Invoker.java:1068)
	at org.testng.internal.TestMethodWorker.invokeTestMethods(TestMethodWorker.java:129)
	at org.testng.internal.TestMethodWorker.run(TestMethodWorker.java:112)
	at org.testng.TestRunner.privateRun(TestRunner.java:756)
	at org.testng.TestRunner.run(TestRunner.java:610)
	at org.testng.SuiteRunner.runTest(SuiteRunner.java:387)
	at org.testng.SuiteRunner.access$000(SuiteRunner.java:39)
	at org.testng.SuiteRunner$SuiteWorker.run(SuiteRunner.java:421)
	at org.testng.internal.thread.ThreadUtil$2.call(ThreadUtil.java:64)
	at java.util.concurrent.FutureTask.run(FutureTask.java:266)
	at java.util.concurrent.ThreadPoolExecutor.runWorker(ThreadPoolExecutor.java:1149)
	at java.util.concurrent.ThreadPoolExecutor$Worker.run(ThreadPoolExecutor.java:624)
	at java.lang.Thread.run(Thread.java:748)
]]>
            </full-stacktrace>
          </exception> <!-- java.lang.Throwable -->
          <reporter-output>
          </reporter-output>
        </test-method> <!-- deletePortFolioTest -->
      </class> <!-- com.qtpselenium.rediff.hybrid.testcases.portfoliosuite.PortFolioTest -->
    </test> <!-- Portfolio Test -->
  </suite> <!-- Portfolio Suite -->
</testng-results>
